<?xml version="1.0" encoding="UTF-8"?>
<testng-results ignored="0" total="2" passed="1" failed="1" skipped="0">
  <reporter-output>
  </reporter-output>
  <suite started-at="2020-07-06T01:37:51 EDT" name="Suite" finished-at="2020-07-06T01:38:27 EDT" duration-ms="35938">
    <groups>
    </groups>
    <test started-at="2020-07-06T01:37:51 EDT" name="Test" finished-at="2020-07-06T01:38:27 EDT" duration-ms="35938">
      <class name="dockerTest.ProvideIncorrectTitle">
        <test-method is-config="true" signature="setUp()[pri:0, instance:dockerTest.ProvideIncorrectTitle@25a65b77]" started-at="2020-07-06T01:37:53 EDT" name="setUp" finished-at="2020-07-06T01:37:53 EDT" duration-ms="439" status="PASS">
          <reporter-output>
          </reporter-output>
        </test-method> <!-- setUp -->
        <test-method signature="sampleTest()[pri:0, instance:dockerTest.ProvideIncorrectTitle@25a65b77]" started-at="2020-07-06T01:38:10 EDT" name="sampleTest" finished-at="2020-07-06T01:38:27 EDT" duration-ms="17118" status="FAIL">
          <exception class="java.lang.AssertionError">
            <message>
              <![CDATA[Title is not correct expected [Git] but found [The world’s leading software development platform · GitHub]]]>
            </message>
            <full-stacktrace>
              <![CDATA[java.lang.AssertionError: Title is not correct expected [Git] but found [The world’s leading software development platform · GitHub]
at org.testng.Assert.fail(Assert.java:97)
at org.testng.Assert.assertEqualsImpl(Assert.java:136)
at org.testng.Assert.assertEquals(Assert.java:118)
at org.testng.Assert.assertEquals(Assert.java:575)
at dockerTest.ProvideIncorrectTitle.sampleTest(ProvideIncorrectTitle.java:52)
at java.base/jdk.internal.reflect.NativeMethodAccessorImpl.invoke0(Native Method)
at java.base/jdk.internal.reflect.NativeMethodAccessorImpl.invoke(NativeMethodAccessorImpl.java:62)
at java.base/jdk.internal.reflect.DelegatingMethodAccessorImpl.invoke(DelegatingMethodAccessorImpl.java:43)
at java.base/java.lang.reflect.Method.invoke(Method.java:564)
at org.testng.internal.MethodInvocationHelper.invokeMethod(MethodInvocationHelper.java:134)
at org.testng.internal.TestInvoker.invokeMethod(TestInvoker.java:597)
at org.testng.internal.TestInvoker.invokeTestMethod(TestInvoker.java:173)
at org.testng.internal.MethodRunner.runInSequence(MethodRunner.java:46)
at org.testng.internal.TestInvoker$MethodInvocationAgent.invoke(TestInvoker.java:816)
at org.testng.internal.TestInvoker.invokeTestMethods(TestInvoker.java:146)
at org.testng.internal.TestMethodWorker.invokeTestMethods(TestMethodWorker.java:146)
at org.testng.internal.TestMethodWorker.run(TestMethodWorker.java:128)
at java.base/java.util.ArrayList.forEach(ArrayList.java:1510)
at org.testng.TestRunner.privateRun(TestRunner.java:766)
at org.testng.TestRunner.run(TestRunner.java:587)
at org.testng.SuiteRunner.runTest(SuiteRunner.java:384)
at org.testng.SuiteRunner.access$000(SuiteRunner.java:28)
at org.testng.SuiteRunner$SuiteWorker.run(SuiteRunner.java:425)
at org.testng.internal.thread.ThreadUtil.lambda$execute$0(ThreadUtil.java:68)
at java.base/java.util.concurrent.FutureTask.run(FutureTask.java:264)
at java.base/java.util.concurrent.ThreadPoolExecutor.runWorker(ThreadPoolExecutor.java:1130)
at java.base/java.util.concurrent.ThreadPoolExecutor$Worker.run(ThreadPoolExecutor.java:630)
at java.base/java.lang.Thread.run(Thread.java:832)
]]>
            </full-stacktrace>
          </exception> <!-- java.lang.AssertionError -->
          <reporter-output>
          </reporter-output>
        </test-method> <!-- sampleTest -->
        <test-method is-config="true" signature="afterTest()[pri:0, instance:dockerTest.ProvideIncorrectTitle@25a65b77]" started-at="2020-07-06T01:38:27 EDT" name="afterTest" finished-at="2020-07-06T01:38:27 EDT" duration-ms="67" status="PASS">
          <reporter-output>
          </reporter-output>
        </test-method> <!-- afterTest -->
      </class> <!-- dockerTest.ProvideIncorrectTitle -->
      <class name="dockerTest.ProvideCorrectTitle">
        <test-method is-config="true" signature="setUp()[pri:0, instance:dockerTest.ProvideCorrectTitle@240237d2]" started-at="2020-07-06T01:37:51 EDT" name="setUp" finished-at="2020-07-06T01:37:53 EDT" duration-ms="1215" status="PASS">
          <reporter-output>
          </reporter-output>
        </test-method> <!-- setUp -->
        <test-method signature="sampleTest()[pri:0, instance:dockerTest.ProvideCorrectTitle@240237d2]" started-at="2020-07-06T01:37:53 EDT" name="sampleTest" finished-at="2020-07-06T01:38:10 EDT" duration-ms="17001" status="PASS">
          <reporter-output>
          </reporter-output>
        </test-method> <!-- sampleTest -->
        <test-method is-config="true" signature="afterTest()[pri:0, instance:dockerTest.ProvideCorrectTitle@240237d2]" started-at="2020-07-06T01:38:27 EDT" name="afterTest" finished-at="2020-07-06T01:38:27 EDT" duration-ms="70" status="PASS">
          <reporter-output>
          </reporter-output>
        </test-method> <!-- afterTest -->
      </class> <!-- dockerTest.ProvideCorrectTitle -->
    </test> <!-- Test -->
  </suite> <!-- Suite -->
</testng-results>
